2025-05-13 10:45:22,322 - vehicle_detector - INFO - No dedicated GPU detected, using CPU
2025-05-13 10:45:22,430 - vehicle_detector - INFO - Model loaded successfully
2025-05-13 10:45:22,434 - vehicle_detector - INFO - Using CPU acceleration
2025-05-13 10:45:22,527 - vehicle_detector - INFO - Video loaded successfully
2025-05-13 10:45:28,834 - vehicle_detector - INFO - FPS: 4.80
2025-05-13 10:45:31,931 - vehicle_detector - INFO - FPS: 6.42
2025-05-13 10:45:32,591 - vehicle_detector - INFO - Sending 10-second interval data to backend...
2025-05-13 10:45:34,891 - vehicle_detector - INFO - FPS: 7.31
2025-05-13 10:45:37,717 - vehicle_detector - INFO - FPS: 7.93
2025-05-13 10:45:38,434 - vehicle_detector - INFO - Vehicle ID 10 (motorcycle) crossed RED line - OUT
2025-05-13 10:45:40,363 - vehicle_detector - INFO - FPS: 8.43
2025-05-13 10:45:43,018 - vehicle_detector - INFO - FPS: 8.81
2025-05-13 10:45:46,101 - vehicle_detector - INFO - FPS: 8.93
2025-05-13 10:45:48,913 - vehicle_detector - INFO - FPS: 9.11
2025-05-13 10:45:51,611 - vehicle_detector - INFO - FPS: 9.30
2025-05-13 10:45:54,679 - vehicle_detector - INFO - FPS: 9.35
2025-05-13 10:45:55,257 - vehicle_detector - INFO - Sending 10-second interval data to backend...
2025-05-13 10:45:55,257 - vehicle_detector - INFO - Sending data to backend: {"vehicle_type": "motorcycle", "direction": "out", "count": 1}
2025-05-13 10:45:55,694 - vehicle_detector - ERROR - Failed to send data: 500 - {"error":"SQLSTATE[42S02]: Base table or view not found: 1146 Table 'cctv_traffic_db.VehicleType' doesn't exist"}
2025-05-13 10:45:58,148 - vehicle_detector - INFO - FPS: 9.28
2025-05-13 10:46:00,926 - vehicle_detector - INFO - FPS: 9.39
2025-05-13 10:46:03,985 - vehicle_detector - INFO - FPS: 9.42
2025-05-13 10:46:05,285 - vehicle_detector - INFO - Sending 10-second interval data to backend...
2025-05-13 10:46:06,943 - vehicle_detector - INFO - FPS: 9.47
2025-05-13 10:46:09,534 - vehicle_detector - INFO - Vehicle ID 15 (motorcycle) crossed RED line - OUT
2025-05-13 10:46:09,736 - vehicle_detector - INFO - FPS: 9.54
2025-05-13 10:46:12,569 - vehicle_detector - INFO - FPS: 9.60
2025-05-13 10:46:15,344 - vehicle_detector - INFO - FPS: 9.67
2025-05-13 10:46:18,113 - vehicle_detector - INFO - FPS: 9.72
2025-05-13 10:46:20,875 - vehicle_detector - INFO - FPS: 9.78
2025-05-13 10:46:24,072 - vehicle_detector - INFO - FPS: 9.76
2025-05-13 10:46:27,755 - vehicle_detector - INFO - FPS: 9.67
2025-05-13 10:46:28,317 - vehicle_detector - INFO - Sending 10-second interval data to backend...
2025-05-13 10:46:28,317 - vehicle_detector - INFO - Sending data to backend: {"vehicle_type": "motorcycle", "direction": "out", "count": 1}
2025-05-13 10:46:28,557 - vehicle_detector - ERROR - Failed to send data: 500 - {"error":"SQLSTATE[42S02]: Base table or view not found: 1146 Table 'cctv_traffic_db.VehicleType' doesn't exist"}
2025-05-13 10:46:31,687 - vehicle_detector - INFO - FPS: 9.55
2025-05-13 10:46:35,414 - vehicle_detector - INFO - FPS: 9.47
2025-05-13 10:46:38,431 - vehicle_detector - INFO - Sending 10-second interval data to backend...
2025-05-13 10:46:39,331 - vehicle_detector - INFO - FPS: 9.38
2025-05-13 10:46:41,581 - vehicle_detector - INFO - Vehicle ID 23 (motorcycle) crossed RED line - OUT
2025-05-13 10:46:43,290 - vehicle_detector - INFO - FPS: 9.29
2025-05-13 10:46:47,272 - vehicle_detector - INFO - FPS: 9.21
2025-05-13 10:46:50,097 - vehicle_detector - INFO - Sending 10-second interval data to backend...
2025-05-13 10:46:50,097 - vehicle_detector - INFO - Sending data to backend: {"vehicle_type": "motorcycle", "direction": "out", "count": 1}
2025-05-13 10:46:50,347 - vehicle_detector - ERROR - Failed to send data: 500 - {"error":"SQLSTATE[42S02]: Base table or view not found: 1146 Table 'cctv_traffic_db.VehicleType' doesn't exist"}
2025-05-13 10:46:51,271 - vehicle_detector - INFO - FPS: 9.13
2025-05-13 10:46:54,974 - vehicle_detector - INFO - FPS: 9.09
2025-05-13 10:46:58,636 - vehicle_detector - INFO - FPS: 9.06
2025-05-13 10:47:00,188 - vehicle_detector - INFO - Sending 10-second interval data to backend...
2025-05-13 10:47:02,807 - vehicle_detector - INFO - Vehicle ID 28 (motorcycle) crossed RED line - OUT
2025-05-13 10:47:02,991 - vehicle_detector - INFO - FPS: 8.96
2025-05-13 10:47:06,678 - vehicle_detector - INFO - FPS: 8.93
2025-05-13 10:47:10,215 - vehicle_detector - INFO - FPS: 8.92
2025-05-13 10:47:14,109 - vehicle_detector - INFO - FPS: 8.88
2025-05-13 10:47:17,734 - vehicle_detector - INFO - FPS: 8.86
2025-05-13 10:47:21,375 - vehicle_detector - INFO - FPS: 8.84
2025-05-13 10:47:25,052 - vehicle_detector - INFO - FPS: 8.82
2025-05-13 10:47:28,825 - vehicle_detector - INFO - FPS: 8.79
2025-05-13 10:47:32,422 - vehicle_detector - INFO - FPS: 8.78
2025-05-13 10:47:36,170 - vehicle_detector - INFO - FPS: 8.76
2025-05-13 10:47:39,853 - vehicle_detector - INFO - FPS: 8.74
2025-05-13 10:47:43,519 - vehicle_detector - INFO - FPS: 8.73
2025-05-13 10:47:47,224 - vehicle_detector - INFO - FPS: 8.71
2025-05-13 10:47:47,777 - vehicle_detector - INFO - Program interrupted by user
2025-05-13 10:47:47,778 - vehicle_detector - INFO - Exiting program...
2025-05-13 10:47:47,778 - vehicle_detector - INFO - Sending data to backend: {"vehicle_type": "motorcycle", "direction": "out", "count": 1}
2025-05-13 11:09:56,055 - vehicle_detector - INFO - No dedicated GPU detected, using CPU
2025-05-13 11:09:56,164 - vehicle_detector - INFO - Model loaded successfully
2025-05-13 11:09:56,168 - vehicle_detector - INFO - Using CPU acceleration
2025-05-13 11:09:56,258 - vehicle_detector - INFO - Video loaded successfully
2025-05-13 11:10:02,673 - vehicle_detector - INFO - FPS: 4.71
2025-05-13 11:10:05,913 - vehicle_detector - INFO - FPS: 6.24
2025-05-13 11:10:06,339 - vehicle_detector - INFO - Sending 10-second interval data to backend...
2025-05-13 11:10:08,718 - vehicle_detector - INFO - FPS: 7.25
2025-05-13 11:10:11,411 - vehicle_detector - INFO - FPS: 7.94
2025-05-13 11:10:12,298 - vehicle_detector - INFO - Vehicle ID 10 (motorcycle) crossed RED line - OUT
2025-05-13 11:10:14,306 - vehicle_detector - INFO - FPS: 8.33
2025-05-13 11:10:16,936 - vehicle_detector - INFO - FPS: 8.72
2025-05-13 11:10:19,552 - vehicle_detector - INFO - FPS: 9.03
2025-05-13 11:10:22,356 - vehicle_detector - INFO - FPS: 9.21
2025-05-13 11:10:24,996 - vehicle_detector - INFO - FPS: 9.41
2025-05-13 11:10:27,512 - vehicle_detector - INFO - FPS: 9.61
2025-05-13 11:10:28,055 - vehicle_detector - INFO - Sending 10-second interval data to backend...
2025-05-13 11:10:28,055 - vehicle_detector - INFO - Sending data to backend: {"vehicle_type": "motorcycle", "direction": "out", "count": 1, "token": "dajsdkasjdsuad2348werwerewfjslfj8w424"}
2025-05-13 11:10:28,499 - vehicle_detector - INFO - Successfully sent data: motorcycle out count: 1
2025-05-13 11:10:30,680 - vehicle_detector - INFO - FPS: 9.60
2025-05-13 11:10:33,471 - vehicle_detector - INFO - FPS: 9.69
2025-05-13 11:10:36,484 - vehicle_detector - INFO - FPS: 9.71
2025-05-13 11:10:38,074 - vehicle_detector - INFO - Sending 10-second interval data to backend...
2025-05-13 11:10:39,377 - vehicle_detector - INFO - FPS: 9.75
2025-05-13 11:10:42,423 - vehicle_detector - INFO - Vehicle ID 15 (motorcycle) crossed RED line - OUT
2025-05-13 11:10:42,659 - vehicle_detector - INFO - FPS: 9.71
2025-05-13 11:10:46,552 - vehicle_detector - INFO - FPS: 9.55
2025-05-13 11:10:50,214 - vehicle_detector - INFO - FPS: 9.46
2025-05-13 11:10:54,020 - vehicle_detector - INFO - FPS: 9.36
2025-05-13 11:10:57,919 - vehicle_detector - INFO - FPS: 9.25
2025-05-13 11:11:01,548 - vehicle_detector - INFO - FPS: 9.20
2025-05-13 11:11:05,245 - vehicle_detector - INFO - FPS: 9.14
2025-05-13 11:11:05,997 - vehicle_detector - INFO - Sending 10-second interval data to backend...
2025-05-13 11:11:05,997 - vehicle_detector - INFO - Sending data to backend: {"vehicle_type": "motorcycle", "direction": "out", "count": 1, "token": "dajsdkasjdsuad2348werwerewfjslfj8w424"}
2025-05-13 11:11:06,267 - vehicle_detector - INFO - Successfully sent data: motorcycle out count: 1
2025-05-13 11:11:09,346 - vehicle_detector - INFO - FPS: 9.04
2025-05-13 11:11:13,262 - vehicle_detector - INFO - FPS: 8.97
2025-05-13 11:11:16,118 - vehicle_detector - INFO - Sending 10-second interval data to backend...
2025-05-13 11:11:17,015 - vehicle_detector - INFO - FPS: 8.92
2025-05-13 11:11:19,015 - vehicle_detector - INFO - Vehicle ID 23 (motorcycle) crossed RED line - OUT
2025-05-13 11:11:20,623 - vehicle_detector - INFO - FPS: 8.89
2025-05-13 11:11:24,428 - vehicle_detector - INFO - FPS: 8.85
2025-05-13 11:11:27,193 - vehicle_detector - INFO - Sending 10-second interval data to backend...
2025-05-13 11:11:27,193 - vehicle_detector - INFO - Sending data to backend: {"vehicle_type": "motorcycle", "direction": "out", "count": 1, "token": "dajsdkasjdsuad2348werwerewfjslfj8w424"}
2025-05-13 11:11:27,450 - vehicle_detector - INFO - Successfully sent data: motorcycle out count: 1
2025-05-13 11:11:28,394 - vehicle_detector - INFO - FPS: 8.80
2025-05-13 11:11:32,189 - vehicle_detector - INFO - FPS: 8.76
2025-05-13 11:11:36,119 - vehicle_detector - INFO - FPS: 8.72
2025-05-13 11:11:37,222 - vehicle_detector - INFO - Sending 10-second interval data to backend...
2025-05-13 11:11:39,673 - vehicle_detector - INFO - Vehicle ID 28 (motorcycle) crossed RED line - OUT
2025-05-13 11:11:39,784 - vehicle_detector - INFO - FPS: 8.70
2025-05-13 11:11:42,644 - vehicle_detector - INFO - FPS: 8.75
2025-05-13 11:11:45,443 - vehicle_detector - INFO - FPS: 8.80
2025-05-13 11:11:48,258 - vehicle_detector - INFO - FPS: 8.84
2025-05-13 11:11:51,000 - vehicle_detector - INFO - FPS: 8.89
2025-05-13 11:11:53,911 - vehicle_detector - INFO - FPS: 8.93
2025-05-13 11:11:56,938 - vehicle_detector - INFO - FPS: 8.95
2025-05-13 11:11:59,755 - vehicle_detector - INFO - FPS: 8.99
2025-05-13 11:12:02,683 - vehicle_detector - INFO - FPS: 9.02
2025-05-13 11:12:05,638 - vehicle_detector - INFO - FPS: 9.05
2025-05-13 11:12:08,321 - vehicle_detector - INFO - FPS: 9.09
2025-05-13 11:12:11,171 - vehicle_detector - INFO - FPS: 9.12
2025-05-13 11:12:14,606 - vehicle_detector - INFO - FPS: 9.11
2025-05-13 11:12:17,637 - vehicle_detector - INFO - FPS: 9.13
2025-05-13 11:12:21,289 - vehicle_detector - INFO - FPS: 9.10
2025-05-13 11:12:24,986 - vehicle_detector - INFO - FPS: 9.08
2025-05-13 11:12:28,946 - vehicle_detector - INFO - FPS: 9.04
2025-05-13 11:12:32,846 - vehicle_detector - INFO - FPS: 9.01
2025-05-13 11:12:36,821 - vehicle_detector - INFO - FPS: 8.97
2025-05-13 11:12:40,672 - vehicle_detector - INFO - FPS: 8.94
2025-05-13 11:12:44,573 - vehicle_detector - INFO - FPS: 8.91
2025-05-13 11:12:48,433 - vehicle_detector - INFO - FPS: 8.89
2025-05-13 11:12:51,180 - vehicle_detector - INFO - FPS: 8.92
2025-05-13 11:12:54,975 - vehicle_detector - INFO - FPS: 8.90
2025-05-13 11:12:58,501 - vehicle_detector - INFO - FPS: 8.89
2025-05-13 11:13:01,590 - vehicle_detector - INFO - FPS: 8.91
2025-05-13 11:13:05,304 - vehicle_detector - INFO - FPS: 8.89
2025-05-13 11:13:08,828 - vehicle_detector - INFO - FPS: 8.88
2025-05-13 11:13:11,579 - vehicle_detector - INFO - FPS: 8.91
2025-05-13 11:13:14,874 - vehicle_detector - INFO - FPS: 8.91
2025-05-13 11:13:17,902 - vehicle_detector - INFO - FPS: 8.93
2025-05-13 11:13:20,447 - vehicle_detector - INFO - Sending 10-second interval data to backend...
2025-05-13 11:13:20,447 - vehicle_detector - INFO - Sending data to backend: {"vehicle_type": "motorcycle", "direction": "out", "count": 1, "token": "dajsdkasjdsuad2348werwerewfjslfj8w424"}
2025-05-13 11:13:20,956 - vehicle_detector - INFO - Successfully sent data: motorcycle out count: 1
2025-05-13 11:13:21,456 - vehicle_detector - INFO - FPS: 8.92
2025-05-13 11:13:21,565 - vehicle_detector - INFO - End of video file reached
2025-05-13 11:13:21,565 - vehicle_detector - INFO - Exiting program...
2025-05-13 11:13:21,596 - vehicle_detector - INFO - Cleanup complete
2025-05-13 11:17:43,307 - vehicle_detector - INFO - No dedicated GPU detected, using CPU
2025-05-13 11:17:43,440 - vehicle_detector - INFO - Model loaded successfully
2025-05-13 11:17:43,447 - vehicle_detector - INFO - Using CPU acceleration
2025-05-13 11:17:43,669 - vehicle_detector - INFO - Video loaded successfully
2025-05-13 11:17:49,199 - vehicle_detector - INFO - FPS: 5.47
2025-05-13 11:17:52,207 - vehicle_detector - INFO - FPS: 7.06
2025-05-13 11:17:53,747 - vehicle_detector - INFO - Sending 10-second interval data to backend...
2025-05-13 11:17:56,309 - vehicle_detector - INFO - FPS: 7.15
2025-05-13 11:18:02,188 - vehicle_detector - INFO - FPS: 6.50
2025-05-13 11:18:03,132 - vehicle_detector - INFO - Vehicle ID 10 (motorcycle) crossed RED line - OUT
2025-05-13 11:18:03,798 - vehicle_detector - INFO - Sending 10-second interval data to backend...
2025-05-13 11:18:03,798 - vehicle_detector - INFO - Sending data to backend: {"vehicle_type": "motorcycle", "direction": "out", "count": 1}
2025-05-13 11:18:07,804 - vehicle_detector - ERROR - Connection error - Unable to connect to http://localhost:8000/vehicle_count/
2025-05-13 11:18:09,799 - vehicle_detector - INFO - FPS: 5.75
2025-05-13 11:18:13,658 - vehicle_detector - INFO - FPS: 6.01
2025-05-13 11:18:17,494 - vehicle_detector - INFO - FPS: 6.22
2025-05-13 11:18:21,206 - vehicle_detector - INFO - FPS: 6.40
2025-05-13 11:18:24,871 - vehicle_detector - INFO - FPS: 6.56
2025-05-13 11:18:28,618 - vehicle_detector - INFO - FPS: 6.68
2025-05-13 11:18:29,331 - vehicle_detector - INFO - Sending 10-second interval data to backend...
2025-05-13 11:18:29,636 - vehicle_detector - INFO - Program interrupted by user
2025-05-13 11:18:29,636 - vehicle_detector - INFO - Exiting program...
2025-05-13 11:18:29,658 - vehicle_detector - INFO - Cleanup complete
2025-05-13 11:18:47,168 - vehicle_detector - INFO - No dedicated GPU detected, using CPU
2025-05-13 11:18:47,217 - vehicle_detector - INFO - Model loaded successfully
2025-05-13 11:18:47,220 - vehicle_detector - INFO - Using CPU acceleration
2025-05-13 11:18:47,253 - vehicle_detector - INFO - Video loaded successfully
2025-05-13 11:18:52,289 - vehicle_detector - INFO - FPS: 6.01
2025-05-13 11:18:55,820 - vehicle_detector - INFO - FPS: 7.04
2025-05-13 11:18:57,255 - vehicle_detector - INFO - Sending 10-second interval data to backend...
2025-05-13 11:18:57,267 - vehicle_detector - INFO - Exiting program...
2025-05-13 11:18:57,289 - vehicle_detector - INFO - Cleanup complete
2025-05-13 11:25:47,013 - vehicle_detector - INFO - No dedicated GPU detected, using CPU
2025-05-13 11:25:47,111 - vehicle_detector - INFO - Model loaded successfully
2025-05-13 11:25:47,115 - vehicle_detector - INFO - Using CPU acceleration
2025-05-13 11:25:47,209 - vehicle_detector - INFO - Video loaded successfully
2025-05-13 11:25:52,664 - vehicle_detector - INFO - FPS: 5.54
2025-05-13 11:25:55,607 - vehicle_detector - INFO - FPS: 7.18
2025-05-13 11:25:57,230 - vehicle_detector - INFO - Sending 10-second interval data to backend...
2025-05-13 11:25:57,607 - vehicle_detector - INFO - Exiting program...
2025-05-13 11:25:57,630 - vehicle_detector - INFO - Cleanup complete
2025-05-13 15:21:26,123 - vehicle_detector - INFO - No dedicated GPU detected, using CPU
2025-05-13 15:21:26,247 - vehicle_detector - INFO - Model loaded successfully
2025-05-13 15:21:26,254 - vehicle_detector - INFO - Using CPU acceleration
2025-05-13 15:21:26,348 - vehicle_detector - INFO - Video loaded successfully
2025-05-13 15:21:34,323 - vehicle_detector - INFO - FPS: 3.78
2025-05-13 15:21:36,444 - vehicle_detector - INFO - Sending 10-second interval data to backend...
2025-05-13 15:21:38,184 - vehicle_detector - INFO - FPS: 5.08
2025-05-13 15:21:41,576 - vehicle_detector - INFO - FPS: 5.92
2025-05-13 15:21:44,315 - vehicle_detector - INFO - FPS: 6.69
2025-05-13 15:21:45,073 - vehicle_detector - INFO - Vehicle ID 10 (motorcycle) crossed RED line - OUT
2025-05-13 15:21:47,426 - vehicle_detector - INFO - FPS: 7.13
2025-05-13 15:21:50,334 - vehicle_detector - INFO - FPS: 7.51
2025-05-13 15:21:53,033 - vehicle_detector - INFO - FPS: 7.88
2025-05-13 15:21:55,989 - vehicle_detector - INFO - FPS: 8.10
2025-05-13 15:21:59,502 - vehicle_detector - INFO - FPS: 8.15
2025-05-13 15:22:02,528 - vehicle_detector - INFO - FPS: 8.30
2025-05-13 15:22:03,068 - vehicle_detector - INFO - Sending 10-second interval data to backend...
2025-05-13 15:22:03,068 - vehicle_detector - INFO - Sending data to backend: {"vehicle_type": "motorcycle", "direction": "out", "count": 1, "token": "dajsdkasjdsuad2348werwerewfjslfj8w424", "camera_id": 1}
2025-05-13 15:22:03,951 - vehicle_detector - INFO - Successfully sent data: motorcycle out count: 1
2025-05-13 15:22:06,551 - vehicle_detector - INFO - FPS: 8.21
2025-05-13 15:22:10,616 - vehicle_detector - INFO - FPS: 8.14
2025-05-13 15:22:13,138 - vehicle_detector - INFO - Sending 10-second interval data to backend...
2025-05-13 15:22:14,753 - vehicle_detector - INFO - FPS: 8.06
2025-05-13 15:22:20,936 - vehicle_detector - INFO - FPS: 7.70
2025-05-13 15:22:23,248 - vehicle_detector - INFO - Sending 10-second interval data to backend...
2025-05-13 15:22:24,768 - vehicle_detector - INFO - Vehicle ID 15 (motorcycle) crossed RED line - OUT
2025-05-13 15:22:24,999 - vehicle_detector - INFO - FPS: 7.68
2025-05-13 15:22:28,065 - vehicle_detector - INFO - FPS: 7.78
2025-05-13 15:22:30,900 - vehicle_detector - INFO - FPS: 7.90
2025-05-13 15:22:33,688 - vehicle_detector - INFO - FPS: 8.02
2025-05-13 15:22:36,742 - vehicle_detector - INFO - FPS: 8.10
2025-05-13 15:22:39,647 - vehicle_detector - INFO - FPS: 8.19
2025-05-13 15:22:42,489 - vehicle_detector - INFO - FPS: 8.28
2025-05-13 15:22:42,937 - vehicle_detector - INFO - Sending 10-second interval data to backend...
2025-05-13 15:22:42,938 - vehicle_detector - INFO - Sending data to backend: {"vehicle_type": "motorcycle", "direction": "out", "count": 1, "token": "dajsdkasjdsuad2348werwerewfjslfj8w424", "camera_id": 1}
2025-05-13 15:22:43,238 - vehicle_detector - INFO - Successfully sent data: motorcycle out count: 1
2025-05-13 15:22:45,823 - vehicle_detector - INFO - FPS: 8.31
2025-05-13 15:22:48,727 - vehicle_detector - INFO - FPS: 8.38
2025-05-13 15:22:51,513 - vehicle_detector - INFO - FPS: 8.46
2025-05-13 15:22:52,951 - vehicle_detector - INFO - Sending 10-second interval data to backend...
2025-05-13 15:22:53,125 - vehicle_detector - INFO - Vehicle ID 23 (motorcycle) crossed RED line - OUT
2025-05-13 15:22:54,378 - vehicle_detector - INFO - FPS: 8.52
2025-05-13 15:22:57,336 - vehicle_detector - INFO - FPS: 8.58
2025-05-13 15:23:00,186 - vehicle_detector - INFO - FPS: 8.63
2025-05-13 15:23:03,011 - vehicle_detector - INFO - Sending 10-second interval data to backend...
2025-05-13 15:23:03,011 - vehicle_detector - INFO - Sending data to backend: {"vehicle_type": "motorcycle", "direction": "out", "count": 1, "token": "dajsdkasjdsuad2348werwerewfjslfj8w424", "camera_id": 1}
2025-05-13 15:23:03,288 - vehicle_detector - INFO - Successfully sent data: motorcycle out count: 1
2025-05-13 15:23:03,305 - vehicle_detector - INFO - FPS: 8.67
2025-05-13 15:23:06,345 - vehicle_detector - INFO - FPS: 8.70
2025-05-13 15:23:09,148 - vehicle_detector - INFO - Vehicle ID 28 (motorcycle) crossed RED line - OUT
2025-05-13 15:23:09,251 - vehicle_detector - INFO - FPS: 8.75
2025-05-13 15:23:11,986 - vehicle_detector - INFO - FPS: 8.81
2025-05-13 15:23:14,760 - vehicle_detector - INFO - FPS: 8.86
2025-05-13 15:23:17,911 - vehicle_detector - INFO - FPS: 8.88
2025-05-13 15:23:20,786 - vehicle_detector - INFO - FPS: 8.92
2025-05-13 15:23:23,602 - vehicle_detector - INFO - FPS: 8.96
2025-05-13 15:23:26,724 - vehicle_detector - INFO - FPS: 8.97
2025-05-13 15:23:29,631 - vehicle_detector - INFO - FPS: 9.01
2025-05-13 15:23:32,429 - vehicle_detector - INFO - FPS: 9.04
2025-05-13 15:23:35,381 - vehicle_detector - INFO - FPS: 9.07
2025-05-13 15:23:38,640 - vehicle_detector - INFO - FPS: 9.07
2025-05-13 15:23:41,461 - vehicle_detector - INFO - FPS: 9.11
2025-05-13 15:23:44,372 - vehicle_detector - INFO - FPS: 9.13
2025-05-13 15:23:47,596 - vehicle_detector - INFO - FPS: 9.13
2025-05-13 15:23:50,443 - vehicle_detector - INFO - FPS: 9.16
2025-05-13 15:23:53,532 - vehicle_detector - INFO - FPS: 9.17
2025-05-13 15:23:56,680 - vehicle_detector - INFO - FPS: 9.18
2025-05-13 15:23:59,540 - vehicle_detector - INFO - FPS: 9.21
2025-05-13 15:24:02,494 - vehicle_detector - INFO - FPS: 9.22
2025-05-13 15:24:05,337 - vehicle_detector - INFO - FPS: 9.25
2025-05-13 15:24:08,345 - vehicle_detector - INFO - FPS: 9.26
2025-05-13 15:24:11,252 - vehicle_detector - INFO - FPS: 9.28
2025-05-13 15:24:14,323 - vehicle_detector - INFO - FPS: 9.29
2025-05-13 15:24:17,633 - vehicle_detector - INFO - FPS: 9.28
2025-05-13 15:24:20,773 - vehicle_detector - INFO - FPS: 9.29
2025-05-13 15:24:24,135 - vehicle_detector - INFO - FPS: 9.28
2025-05-13 15:24:27,930 - vehicle_detector - INFO - FPS: 9.25
2025-05-13 15:24:30,900 - vehicle_detector - INFO - FPS: 9.27
2025-05-13 15:24:33,655 - vehicle_detector - INFO - FPS: 9.29
2025-05-13 15:24:36,678 - vehicle_detector - INFO - FPS: 9.30
2025-05-13 15:24:39,546 - vehicle_detector - INFO - FPS: 9.32
2025-05-13 15:24:42,130 - vehicle_detector - INFO - Sending 10-second interval data to backend...
2025-05-13 15:24:42,131 - vehicle_detector - INFO - Sending data to backend: {"vehicle_type": "motorcycle", "direction": "out", "count": 1, "token": "dajsdkasjdsuad2348werwerewfjslfj8w424", "camera_id": 1}
2025-05-13 15:24:42,603 - vehicle_detector - INFO - Successfully sent data: motorcycle out count: 1
2025-05-13 15:24:42,985 - vehicle_detector - INFO - FPS: 9.31
2025-05-13 15:24:43,076 - vehicle_detector - INFO - End of video file reached
2025-05-13 15:24:43,077 - vehicle_detector - INFO - Exiting program...
2025-05-13 15:24:43,104 - vehicle_detector - INFO - Cleanup complete
